<?xml version="1.0" encoding="UTF-8"?>
<!-- Generated by org.testng.reporters.JUnitReportReporter -->
<testsuite hostname="SHG-AD-DF54722" name="com.trane.display.test.TestLogSheet" tests="5" failures="0" timestamp="29 Mar 2016 03:11:09 GMT" time="39.672" errors="0">
  <testcase name="tearDown" time="0.017" classname="com.trane.display.test.TestLogSheet"/>
  <testcase name="verifyBtnReportsClicked" time="6.086" classname="com.trane.display.test.TestLogSheet"/>
  <testcase name="clickLogSheet" time="15.245" classname="com.trane.display.test.TestLogSheet"/>
  <testcase name="verifyBtnLogSheetClicked" time="12.164" classname="com.trane.display.test.TestLogSheet"/>
  <testcase name="clickReports" time="6.160" classname="com.trane.display.test.TestLogSheet"/>
</testsuite> <!-- com.trane.display.test.TestLogSheet -->
