<?xml version="1.0" encoding="UTF-8"?>
<!-- Generated by org.testng.reporters.JUnitReportReporter -->
<testsuite hostname="SHG-AD-DF54722" name="com.trane.display.test.TestLogSheet" tests="5" failures="0" timestamp="29 Mar 2016 08:32:46 GMT" time="27.506" errors="0">
  <testcase name="verifyBtnReportsClicked" time="6.087" classname="com.trane.display.test.TestLogSheet"/>
  <testcase name="tearDown" time="0.012" classname="com.trane.display.test.TestLogSheet"/>
  <testcase name="clickLogSheet" time="3.092" classname="com.trane.display.test.TestLogSheet"/>
  <testcase name="clickReports" time="6.149" classname="com.trane.display.test.TestLogSheet"/>
  <testcase name="verifyBtnLogSheetClicked" time="12.166" classname="com.trane.display.test.TestLogSheet"/>
</testsuite> <!-- com.trane.display.test.TestLogSheet -->
